Determining if the pthread_create exist failed with the following output:
Change Dir: /home/neil/Workspace/self-driving-golf-cart/ros/src/cmake-build-debug/CMakeFiles/CMakeTmp

Run Build Command(s):/usr/bin/make cmTC_b8f3a/fast 
/usr/bin/make -f CMakeFiles/cmTC_b8f3a.dir/build.make CMakeFiles/cmTC_b8f3a.dir/build
make[1]: Entering directory '/home/neil/Workspace/self-driving-golf-cart/ros/src/cmake-build-debug/CMakeFiles/CMakeTmp'
Building C object CMakeFiles/cmTC_b8f3a.dir/CheckSymbolExists.c.o
/usr/bin/cc    -o CMakeFiles/cmTC_b8f3a.dir/CheckSymbolExists.c.o   -c /home/neil/Workspace/self-driving-golf-cart/ros/src/cmake-build-debug/CMakeFiles/CMakeTmp/CheckSymbolExists.c
Linking C executable cmTC_b8f3a
/home/neil/snap/clion-2019.1/bin/cmake/linux/bin/cmake -E cmake_link_script CMakeFiles/cmTC_b8f3a.dir/link.txt --verbose=1
/usr/bin/cc      -rdynamic CMakeFiles/cmTC_b8f3a.dir/CheckSymbolExists.c.o  -o cmTC_b8f3a 
CMakeFiles/cmTC_b8f3a.dir/CheckSymbolExists.c.o: In function `main':
CheckSymbolExists.c:(.text+0x1b): undefined reference to `pthread_create'
collect2: error: ld returned 1 exit status
CMakeFiles/cmTC_b8f3a.dir/build.make:86: recipe for target 'cmTC_b8f3a' failed
make[1]: *** [cmTC_b8f3a] Error 1
make[1]: Leaving directory '/home/neil/Workspace/self-driving-golf-cart/ros/src/cmake-build-debug/CMakeFiles/CMakeTmp'
Makefile:121: recipe for target 'cmTC_b8f3a/fast' failed
make: *** [cmTC_b8f3a/fast] Error 2

File /home/neil/Workspace/self-driving-golf-cart/ros/src/cmake-build-debug/CMakeFiles/CMakeTmp/CheckSymbolExists.c:
/* */
#include <pthread.h>

int main(int argc, char** argv)
{
  (void)argv;
#ifndef pthread_create
  return ((int*)(&pthread_create))[argc];
#else
  (void)argc;
  return 0;
#endif
}

Determining if the function pthread_create exists in the pthreads failed with the following output:
Change Dir: /home/neil/Workspace/self-driving-golf-cart/ros/src/cmake-build-debug/CMakeFiles/CMakeTmp

Run Build Command(s):/usr/bin/make cmTC_82513/fast 
/usr/bin/make -f CMakeFiles/cmTC_82513.dir/build.make CMakeFiles/cmTC_82513.dir/build
make[1]: Entering directory '/home/neil/Workspace/self-driving-golf-cart/ros/src/cmake-build-debug/CMakeFiles/CMakeTmp'
Building C object CMakeFiles/cmTC_82513.dir/CheckFunctionExists.c.o
/usr/bin/cc   -DCHECK_FUNCTION_EXISTS=pthread_create   -o CMakeFiles/cmTC_82513.dir/CheckFunctionExists.c.o   -c /home/neil/snap/clion-2019.1/bin/cmake/linux/share/cmake-3.14/Modules/CheckFunctionExists.c
Linking C executable cmTC_82513
/home/neil/snap/clion-2019.1/bin/cmake/linux/bin/cmake -E cmake_link_script CMakeFiles/cmTC_82513.dir/link.txt --verbose=1
/usr/bin/cc  -DCHECK_FUNCTION_EXISTS=pthread_create    -rdynamic CMakeFiles/cmTC_82513.dir/CheckFunctionExists.c.o  -o cmTC_82513 -lpthreads 
/usr/bin/ld: cannot find -lpthreads
collect2: error: ld returned 1 exit status
CMakeFiles/cmTC_82513.dir/build.make:86: recipe for target 'cmTC_82513' failed
make[1]: *** [cmTC_82513] Error 1
make[1]: Leaving directory '/home/neil/Workspace/self-driving-golf-cart/ros/src/cmake-build-debug/CMakeFiles/CMakeTmp'
Makefile:121: recipe for target 'cmTC_82513/fast' failed
make: *** [cmTC_82513/fast] Error 2


